<?xml version="1.0" encoding="UTF-8"?>
<!-- Generated by org.testng.reporters.JUnitXMLReporter -->
<testsuite hostname="DESKTOP-B2220QC" ignored="0" name="chrome" tests="5" failures="0" timestamp="2022-02-09T19:36:33 IST" time="0.242" errors="0">
  <testcase name="testA" time="0.018" classname="tests.TestClass3"/>
  <testcase name="testB" time="0.007" classname="tests.TestClass3"/>
  <testcase name="testF" time="0.003" classname="tests.TestClass3"/>
  <testcase name="testC" time="0.01" classname="tests.TestClass2"/>
  <testcase name="testD" time="0.004" classname="tests.TestClass2"/>
</testsuite> <!-- chrome -->
