<?xml version="1.0" encoding="UTF-8"?>
<!-- Generated by org.testng.reporters.JUnitXMLReporter -->
<testsuite hostname="DESKTOP-B2220QC" ignored="1" name="Test" tests="4" failures="0" timestamp="2022-02-09T19:13:27 IST" time="0.18" errors="0">
  <testcase name="testA" time="0.011" classname="tests.TestClass3"/>
  <testcase name="testF" time="0.004" classname="tests.TestClass3"/>
  <testcase name="testC" time="0.002" classname="tests.TestClass2"/>
  <testcase name="testD" time="0.002" classname="tests.TestClass2"/>
  <testcase name="testB" time="0.0" classname="tests.TestClass3">
    <ignored/>
  </testcase> <!-- testB -->
</testsuite> <!-- Test -->
